<?xml version="1.0" encoding="UTF-8"?>
<!-- Generated by org.testng.reporters.JUnitXMLReporter -->
<testsuite ignored="5" hostname="DESKTOP-2JD998D" failures="2" tests="3" name="homePage" time="47.585" errors="0" timestamp="2024-03-11T10:47:08 IST">
  <testcase classname="PHPTravels.Tests.test_validateHomePage" name="validatePageTitle" time="0.095"/>
  <testcase classname="PHPTravels.Tests.test_validateHomePage" name="validateHotelsMenu" time="9.126">
    <failure type="java.lang.AssertionError" message="expected [HOTELS] but found []">
      <![CDATA[java.lang.AssertionError: expected [HOTELS] but found []
at PHPTravels.Tests.test_validateHomePage.validateHotelsMenu(test_validateHomePage.java:54)
at java.base/java.util.ArrayList.forEach(ArrayList.java:1511)
at java.base/java.util.concurrent.FutureTask.run(FutureTask.java:317)
at java.base/java.util.concurrent.ThreadPoolExecutor.runWorker(ThreadPoolExecutor.java:1144)
at java.base/java.util.concurrent.ThreadPoolExecutor$Worker.run(ThreadPoolExecutor.java:642)
at java.base/java.lang.Thread.run(Thread.java:1589)
... Removed 22 stack frames]]>
    </failure>
  </testcase> <!-- validateHotelsMenu -->
  <testcase classname="PHPTravels.Tests.test_validateHomePage" name="validateFlightsMenu" time="0.029">
    <failure type="java.lang.AssertionError" message="expected [FLIGHTS] but found []">
      <![CDATA[java.lang.AssertionError: expected [FLIGHTS] but found []
at PHPTravels.Tests.test_validateHomePage.validateFlightsMenu(test_validateHomePage.java:68)
at java.base/java.util.ArrayList.forEach(ArrayList.java:1511)
at java.base/java.util.concurrent.FutureTask.run(FutureTask.java:317)
at java.base/java.util.concurrent.ThreadPoolExecutor.runWorker(ThreadPoolExecutor.java:1144)
at java.base/java.util.concurrent.ThreadPoolExecutor$Worker.run(ThreadPoolExecutor.java:642)
at java.base/java.lang.Thread.run(Thread.java:1589)
... Removed 22 stack frames]]>
    </failure>
  </testcase> <!-- validateFlightsMenu -->
  <testcase classname="PHPTravels.Tests.test_validateHomePage" name="validateMouseActions" time="0.0">
    <ignored/>
  </testcase> <!-- validateMouseActions -->
  <testcase classname="PHPTravels.Tests.test_validateHotelsPage" name="searchHotel" time="0.0">
    <ignored/>
  </testcase> <!-- searchHotel -->
  <testcase classname="PHPTravels.Tests.test_validateHomePage" name="playWithWindows" time="0.0">
    <ignored/>
  </testcase> <!-- playWithWindows -->
  <testcase classname="PHPTravels.Tests.test_validateHomePage" name="validate3rdCarosolCard" time="0.0">
    <ignored/>
  </testcase> <!-- validate3rdCarosolCard -->
  <testcase classname="PHPTravels.Tests.test_validateHomePage" name="validateBritishAirways" time="0.0">
    <ignored/>
  </testcase> <!-- validateBritishAirways -->
</testsuite> <!-- homePage -->
