<?xml version="1.0" encoding="UTF-8"?>
<!-- Generated by org.testng.reporters.JUnitReportReporter -->
<testsuite hostname="DESKTOP-2JD998D" failures="0" tests="3" name="Cucumber.TestNGTestRunner" time="8.722" errors="2" timestamp="2023-05-10T18:15:51 IST" skipped="0">
  <testcase classname="Cucumber.TestNGTestRunner" name="runScenario" time="0.031">
    <error message="Cannot invoke &quot;org.openqa.selenium.WebDriver.quit()&quot; because &quot;this.driver&quot; is null" type="java.lang.NullPointerException">
      <![CDATA[java.lang.NullPointerException: Cannot invoke "org.openqa.selenium.WebDriver.quit()" because "this.driver" is null
at automationpractice.StepDefinition.AP_StepDefinition.closeBrowser(AP_StepDefinition.java:35)
at ✽.I want to close browser(file:///C:/Users/User/git/selenium/E2EProject/src/test/java/Cucumber/AP_Test1.feature:32)
]]>
    </error>
  </testcase> <!-- runScenario -->
  <system-out/>
  <testcase classname="Cucumber.TestNGTestRunner" name="runScenario" time="0.100">
    <error message="Cannot invoke &quot;org.openqa.selenium.SearchContext.findElement(org.openqa.selenium.By)&quot; because &quot;this.searchContext&quot; is null" type="java.lang.NullPointerException">
      <![CDATA[java.lang.NullPointerException: Cannot invoke "org.openqa.selenium.SearchContext.findElement(org.openqa.selenium.By)" because "this.searchContext" is null
at org.openqa.selenium.support.pagefactory.DefaultElementLocator.findElement(DefaultElementLocator.java:70)
at org.openqa.selenium.support.pagefactory.internal.LocatingElementHandler.invoke(LocatingElementHandler.java:39)
at jdk.proxy2/jdk.proxy2.$Proxy26.click(Unknown Source)
at automationpractice.StepDefinition.AP_StepDefinition.I_click_on_Radiobutton2(AP_StepDefinition.java:29)
at ✽.I click on Radiobutton2(file:///C:/Users/User/git/selenium/E2EProject/src/test/java/Cucumber/AP_Test1.feature:28)
]]>
    </error>
  </testcase> <!-- runScenario -->
  <system-out/>
  <testcase classname="Cucumber.TestNGTestRunner" name="runScenario" time="8.591"/>
  <system-out/>
</testsuite> <!-- Cucumber.TestNGTestRunner -->
